Arguments: 
  C:\Program Files\nodejs\node.exe C:\Program Files (x86)\Yarn\bin\yarn.js --v

PATH: 
  C:\WINDOWS\system32;C:\WINDOWS;C:\WINDOWS\System32\Wbem;C:\WINDOWS\System32\WindowsPowerShell\v1.0\;C:\WINDOWS\System32\OpenSSH\;C:\Program Files (x86)\NVIDIA Corporation\PhysX\Common;C:\Program Files\nodejs\;C:\Program Files (x86)\Yarn\bin\;C:\Users\tritr\AppData\Local\Microsoft\WindowsApps;C:\Users\tritr\AppData\Roaming\npm;C:\Users\tritr\AppData\Local\atom\bin;C:\Users\tritr\AppData\Local\Programs\Microsoft VS Code\bin;C:\Users\tritr\AppData\Local\Yarn\bin

Yarn version: 
  1.10.1

Node version: 
  8.12.0

Platform: 
  win32 x64

Trace: 
  Error: EPERM: operation not permitted, unlink 'C:\Users\tritr\OneDrive\Desktop\Shop\node_modules\@babel\plugin-transform-classes\node_modules\globals'

npm manifest: 
  {
    "name": "empty-project-template",
    "main": "node_modules/expo/AppEntry.js",
    "private": true,
    "scripts": {
      "start": "expo start",
      "android": "expo start --android",
      "ios": "expo start --ios",
      "eject": "expo eject"
    },
    "dependencies": {
      "eslint-config-rallycoding": "^3.2.0",
      "expo": "^30.0.1",
      "react": "16.3.1",
      "react-native": "https://github.com/expo/react-native/archive/sdk-30.0.0.tar.gz",
      "react-native-drawer": "^2.5.1",
      "react-native-vector-icons": "^6.0.2",
      "react-navigation": "^2.18.0"
    }
  }

yarn manifest: 
  No manifest

Lockfile: 
  No lockfile
